Log file open, 10/19/16 18:45:29
LogInit:Display: Running engine for game: FS
LogPlatformFile: Not using cached read wrapper
LogInit:Display: RandInit(-141605338) SRandInit(-141605338).
LogTaskGraph: Started task graph with 5 named threads and 8 total threads with 1 sets of task threads.
LogStats: Stats thread started at 0.660490
LogPluginManager: Loaded Plugin Paper2D, From D:/body/Forbidden Sorcery/ForbiddenSorcery/Saved/StagedBuilds/WindowsNoEditor/Engine/Plugins/2D/Paper2D/Paper2D.uplugin
LogPluginManager: Loaded Plugin LightPropagationVolume, From D:/body/Forbidden Sorcery/ForbiddenSorcery/Saved/StagedBuilds/WindowsNoEditor/Engine/Plugins/Blendables/LightPropagationVolume/LightPropagationVolume.uplugin
LogPluginManager: Loaded Plugin CharacterAI, From D:/body/Forbidden Sorcery/ForbiddenSorcery/Saved/StagedBuilds/WindowsNoEditor/Engine/Plugins/Experimental/CharacterAI/CharacterAI.uplugin
LogPluginManager: Loaded Plugin HTML5Networking, From D:/body/Forbidden Sorcery/ForbiddenSorcery/Saved/StagedBuilds/WindowsNoEditor/Engine/Plugins/Experimental/HTML5Networking/HTML5Networking.uplugin
LogPluginManager: Loaded Plugin AndroidMedia, From D:/body/Forbidden Sorcery/ForbiddenSorcery/Saved/StagedBuilds/WindowsNoEditor/Engine/Plugins/Media/AndroidMedia/AndroidMedia.uplugin
LogPluginManager: Loaded Plugin AvfMedia, From D:/body/Forbidden Sorcery/ForbiddenSorcery/Saved/StagedBuilds/WindowsNoEditor/Engine/Plugins/Media/AvfMedia/AvfMedia.uplugin
LogPluginManager: Loaded Plugin WmfMedia, From D:/body/Forbidden Sorcery/ForbiddenSorcery/Saved/StagedBuilds/WindowsNoEditor/Engine/Plugins/Media/WmfMedia/WmfMedia.uplugin
LogPluginManager: Loaded Plugin TcpMessaging, From D:/body/Forbidden Sorcery/ForbiddenSorcery/Saved/StagedBuilds/WindowsNoEditor/Engine/Plugins/Messaging/TcpMessaging/TcpMessaging.uplugin
LogPluginManager: Loaded Plugin UdpMessaging, From D:/body/Forbidden Sorcery/ForbiddenSorcery/Saved/StagedBuilds/WindowsNoEditor/Engine/Plugins/Messaging/UdpMessaging/UdpMessaging.uplugin
LogPluginManager: Loaded Plugin OnlineSubsystem, From D:/body/Forbidden Sorcery/ForbiddenSorcery/Saved/StagedBuilds/WindowsNoEditor/Engine/Plugins/Online/OnlineSubsystem/OnlineSubsystem.uplugin
LogPluginManager: Loaded Plugin OnlineSubsystemNull, From D:/body/Forbidden Sorcery/ForbiddenSorcery/Saved/StagedBuilds/WindowsNoEditor/Engine/Plugins/Online/OnlineSubsystemNull/OnlineSubsystemNull.uplugin
LogPluginManager: Loaded Plugin OnlineSubsystemUtils, From D:/body/Forbidden Sorcery/ForbiddenSorcery/Saved/StagedBuilds/WindowsNoEditor/Engine/Plugins/Online/OnlineSubsystemUtils/OnlineSubsystemUtils.uplugin
LogPluginManager: Loaded Plugin ArchVisCharacter, From D:/body/Forbidden Sorcery/ForbiddenSorcery/Saved/StagedBuilds/WindowsNoEditor/Engine/Plugins/Runtime/ArchVisCharacter/ArchVisCharacter.uplugin
LogPluginManager: Loaded Plugin CableComponent, From D:/body/Forbidden Sorcery/ForbiddenSorcery/Saved/StagedBuilds/WindowsNoEditor/Engine/Plugins/Runtime/CableComponent/CableComponent.uplugin
LogPluginManager: Loaded Plugin CustomMeshComponent, From D:/body/Forbidden Sorcery/ForbiddenSorcery/Saved/StagedBuilds/WindowsNoEditor/Engine/Plugins/Runtime/CustomMeshComponent/CustomMeshComponent.uplugin
LogPluginManager: Loaded Plugin ExampleDeviceProfileSelector, From D:/body/Forbidden Sorcery/ForbiddenSorcery/Saved/StagedBuilds/WindowsNoEditor/Engine/Plugins/Runtime/ExampleDeviceProfileSelector/ExampleDeviceProfileSelector.uplugin
LogPluginManager: Loaded Plugin GearVR, From D:/body/Forbidden Sorcery/ForbiddenSorcery/Saved/StagedBuilds/WindowsNoEditor/Engine/Plugins/Runtime/GearVR/GearVR.uplugin
LogPluginManager: Loaded Plugin OculusInput, From D:/body/Forbidden Sorcery/ForbiddenSorcery/Saved/StagedBuilds/WindowsNoEditor/Engine/Plugins/Runtime/OculusInput/OculusInput.uplugin
LogPluginManager: Loaded Plugin OculusLibrary, From D:/body/Forbidden Sorcery/ForbiddenSorcery/Saved/StagedBuilds/WindowsNoEditor/Engine/Plugins/Runtime/OculusLibrary/OculusLibrary.uplugin
LogPluginManager: Loaded Plugin OculusRift, From D:/body/Forbidden Sorcery/ForbiddenSorcery/Saved/StagedBuilds/WindowsNoEditor/Engine/Plugins/Runtime/OculusRift/OculusRift.uplugin
LogPluginManager: Loaded Plugin ProceduralMeshComponent, From D:/body/Forbidden Sorcery/ForbiddenSorcery/Saved/StagedBuilds/WindowsNoEditor/Engine/Plugins/Runtime/ProceduralMeshComponent/ProceduralMeshComponent.uplugin
LogPluginManager: Loaded Plugin SteamVR, From D:/body/Forbidden Sorcery/ForbiddenSorcery/Saved/StagedBuilds/WindowsNoEditor/Engine/Plugins/Runtime/Steam/SteamVR/SteamVR.uplugin
LogPluginManager: Loaded Plugin WindowsMoviePlayer, From D:/body/Forbidden Sorcery/ForbiddenSorcery/Saved/StagedBuilds/WindowsNoEditor/Engine/Plugins/Runtime/WindowsMoviePlayer/WindowsMoviePlayer.uplugin
LogPluginManager: Loaded Plugin SlateRemote, From D:/body/Forbidden Sorcery/ForbiddenSorcery/Saved/StagedBuilds/WindowsNoEditor/Engine/Plugins/Slate/SlateRemote/SlateRemote.uplugin
LogModuleManager:Warning: ModuleManager: Module 'XMPP' not found - its StaticallyLinkedModuleInitializers function is null.
LogInit: Using libcurl 7.47.1
LogInit:  - built for x86_64-pc-win32
LogInit:  - supports SSL with WinSSL
LogInit:  - other features:
LogInit:      CURL_VERSION_SSL
LogInit:      CURL_VERSION_IPV6
LogInit:      CURL_VERSION_ASYNCHDNS
LogInit:      CURL_VERSION_LARGEFILE
LogInit:      CURL_VERSION_IDN
LogInit:  CurlRequestOptions (configurable via config and command line):
LogInit:  - bVerifyPeer = false  - Libcurl will NOT verify peer certificate
LogInit:  - bUseHttpProxy = false  - Libcurl will NOT use HTTP proxy
LogInit:  - bDontReuseConnections = false  - Libcurl will reuse connections
LogInit:  - CertBundlePath = nullptr  - Libcurl will use whatever was configured at build time.
LogInit: Build: ++UE4+Release-4.13-CL-3106830
LogInit: Engine Version: 4.13.0-3106830+++UE4+Release-4.13
LogInit: Compatible Engine Version: 4.13.0-3106830+++UE4+Release-4.13
LogInit: Net CL: 3106830
LogDevObjectVersion: Number of dev versions registered: 13
LogDevObjectVersion:   Dev-Blueprints (B0D832E4-1F89-4F0D-ACCF-7EB736FD4AA2): 5
LogDevObjectVersion:   Dev-Build (E1C64328-A22C-4D53-A36C-8E866417BD8C): 0
LogDevObjectVersion:   Dev-Core (375EC13C-06E4-48FB-B500-84F0262A717E): 1
LogDevObjectVersion:   Dev-Editor (E4B068ED-F494-42E9-A231-DA0B2E46BB41): 6
LogDevObjectVersion:   Dev-Framework (CFFC743F-43B0-4480-9391-14DF171D2073): 12
LogDevObjectVersion:   Dev-Mobile (B02B49B5-BB20-44E9-A304-32B752E40360): 0
LogDevObjectVersion:   Dev-Networking (A4E4105C-59A1-49B5-A7C5-40C4547EDFEE): 0
LogDevObjectVersion:   Dev-Online (39C831C9-5AE6-47DC-9A44-9C173E1C8E7C): 0
LogDevObjectVersion:   Dev-Physics (78F01B33-EBEA-4F98-B9B4-84EACCB95AA2): 0
LogDevObjectVersion:   Dev-Platform (6631380F-2D4D-43E0-8009-CF276956A95A): 0
LogDevObjectVersion:   Dev-Rendering (12F88B9F-8875-4AFC-A67C-D90C383ABD29): 4
LogDevObjectVersion:   Dev-Sequencer (7B5AE74C-D270-4C10-A958-57980B212A5A): 0
LogDevObjectVersion:   Dev-VR (D7296918-1DD6-4BDD-9DE2-64A83CC13884): 0
LogInit: Compiled (64-bit): Aug 30 2016 18:12:49
LogInit: Compiled with Visual C++: 19.00.23026.00
LogInit: Build Configuration: Development
LogInit: Branch Name: ++UE4+Release-4.13
LogInit: Command line:  
LogInit: Base directory: D:/body/Forbidden Sorcery/ForbiddenSorcery/Saved/StagedBuilds/WindowsNoEditor/Engine/Binaries/Win64/
LogInit: Installed Engine Build: 0
LogInit: Presizing for max 2097152 objects, including 0 objects not considered by GC, pre-allocating 0 bytes for permanent pool.
LogInit: Object subsystem initialized
[2016.10.19-15.45.29:616][  0]LogInit: Selected Device Profile: [WindowsNoEditor]
[2016.10.19-15.45.29:616][  0]LogInit: Applying CVar settings loaded from the selected device profile: [WindowsNoEditor]
[2016.10.19-15.45.29:620][  0]LogInit: Computer: XOTABUCH-ПК
[2016.10.19-15.45.29:620][  0]LogInit: User: Xotabuch
[2016.10.19-15.45.29:620][  0]LogInit: CPU Page size=65536, Cores=4
[2016.10.19-15.45.29:620][  0]LogInit: High frequency timer resolution =3.418007 MHz
[2016.10.19-15.45.29:620][  0]LogMemory: Memory total: Physical=16.0GB (16GB approx)
[2016.10.19-15.45.29:620][  0]LogMemory: Platform Memory Stats for WindowsNoEditor
[2016.10.19-15.45.29:620][  0]LogMemory: Process Physical Memory: 85.03 MB used, 85.03 MB peak
[2016.10.19-15.45.29:620][  0]LogMemory: Process Virtual Memory: 101.63 MB used, 101.63 MB peak
[2016.10.19-15.45.29:620][  0]LogMemory: Physical Memory: 11387.11 MB used, 16333.17 MB total
[2016.10.19-15.45.29:620][  0]LogMemory: Virtual Memory: 292.76 MB used, 8388608.00 MB total
[2016.10.19-15.45.29:646][  0]LogTextLocalizationManager: No translations for ('ru-RU') exist, falling back to 'en' for localization and internationalization data.
[2016.10.19-15.45.29:706][  0]LogD3D11RHI: D3D11 adapters:
[2016.10.19-15.45.29:726][  0]LogD3D11RHI:    0. 'NVIDIA GeForce GTX 770' (Feature Level 11_0)
[2016.10.19-15.45.29:726][  0]LogD3D11RHI:       1989/0/7910 MB DedicatedVideo/DedicatedSystem/SharedSystem, Outputs:1, VendorId:0x10de
[2016.10.19-15.45.29:726][  0]LogD3D11RHI: Chosen D3D11 Adapter: 0
[2016.10.19-15.45.29:734][  0]LogD3D11RHI: Creating new Direct3DDevice
[2016.10.19-15.45.29:734][  0]LogD3D11RHI:     GPU DeviceId: 0x1184 (for the marketing name, search the web for "GPU Device Id")
[2016.10.19-15.45.29:734][  0]LogWindows: EnumDisplayDevices:
[2016.10.19-15.45.29:734][  0]LogWindows:    0. 'NVIDIA GeForce GTX 770' (P:1 D:1)
[2016.10.19-15.45.29:734][  0]LogWindows:    1. 'NVIDIA GeForce GTX 770' (P:0 D:0)
[2016.10.19-15.45.29:734][  0]LogWindows:    2. 'NVIDIA GeForce GTX 770' (P:0 D:0)
[2016.10.19-15.45.29:734][  0]LogWindows:    3. 'NVIDIA GeForce GTX 770' (P:0 D:0)
[2016.10.19-15.45.29:734][  0]LogWindows:    4. 'RDPDD Chained DD' (P:0 D:0)
[2016.10.19-15.45.29:734][  0]LogWindows:    5. 'RDP Encoder Mirror Driver' (P:0 D:0)
[2016.10.19-15.45.29:734][  0]LogWindows:    6. 'RDP Reflector Display Driver' (P:0 D:0)
[2016.10.19-15.45.29:734][  0]LogWindows: DebugString: GetVideoDriverDetailsInvalid PrimaryIsNotTheChoosenAdapter GetVideoDriverDetailsInvalid PrimaryIsNotTheChoosenAdapter GetVideoDriverDetailsInvalid PrimaryIsNotTheChoosenAdapter FoundDriverCount:4 
[2016.10.19-15.45.29:734][  0]LogD3D11RHI:     Adapter Name: NVIDIA GeForce GTX 770
[2016.10.19-15.45.29:734][  0]LogD3D11RHI:   Driver Version: 372.70 (internal:21.21.13.7270, unified:372.70)
[2016.10.19-15.45.29:734][  0]LogD3D11RHI:      Driver Date: 8-25-2016
[2016.10.19-15.45.29:734][  0]LogRHI: Texture pool is 1361 MB (70% of 1945 MB)
[2016.10.19-15.45.29:741][  0]LogD3D11RHI: Async texture creation enabled
[2016.10.19-15.45.29:755][  0]LogD3D11RHI: GPU Timing Frequency: 1000.000000 (Debug: 2 2)
[2016.10.19-15.45.29:830][  0]LogAssetRegistry: FAssetRegistry took 0.0037 seconds to start up
[2016.10.19-15.45.29:832][  0]LogPackageLocalizationCache: Processed 3 localized package path(s) for 1 prioritized culture(s) in 0.001648 seconds
[2016.10.19-15.45.29:837][  0]LogContentStreaming: Texture pool size is 1000.00 MB
[2016.10.19-15.45.29:837][  0]LogInit: Selected Device Profile: [WindowsNoEditor]
[2016.10.19-15.45.29:872][  0]LogNetVersion: GetLocalNetworkVersion: CL: 3106830, ProjectName: fs, ProjectVersion: , EngineNetworkVersion: 1, GameNetworkVersion: 0, NetworkChecksum: 802180941
[2016.10.19-15.45.29:905][  0]LogInit: WinSock: version 1.1 (2.2), MaxSocks=32767, MaxUdp=65467
[2016.10.19-15.45.29:915][  0]LogSlate: SlateFontCache - WITH_FREETYPE: 1, WITH_HARFBUZZ: 1
[2016.10.19-15.45.29:915][  0]LogSlate: SlateFontCache - WITH_FREETYPE: 1, WITH_HARFBUZZ: 1
[2016.10.19-15.45.29:946][  0]LogMoviePlayer: Initializing movie player
[2016.10.19-15.45.29:967][  0]LogWindowsMoviePlayer: Unable to load movie: ../../../FS/Content/Movies/Default_Startup.mp4
[2016.10.19-15.45.30:001][  0]LogUObjectArray: 28481 objects as part of root set at end of initial load.
[2016.10.19-15.45.30:001][  0]LogUObjectAllocator: 5668688 out of 0 bytes used by permanent object pool.
[2016.10.19-15.45.30:001][  0]LogUObjectArray: CloseDisregardForGC: 0/0 objects in disregard for GC pool
[2016.10.19-15.45.30:012][  0]LogEngine: Initializing Engine...
[2016.10.19-15.45.30:012][  0]LogHMD: Failed to initialize OpenVR with code 110
[2016.10.19-15.45.30:043][  0]LogInit: XAudio2 using 'Динамики (Realtek High Definition Audio)' : 2 channels at 48 kHz using 32 bits per sample (channel mask 0x3)
[2016.10.19-15.45.30:050][  0]LogInit: FAudioDevice initialized.
[2016.10.19-15.45.30:050][  0]LogInit: Texture streaming: Enabled
[2016.10.19-15.45.30:054][  0]LogInit:Display: Game Engine Initialized.
[2016.10.19-15.45.30:055][  0]LogInit:Display: Starting Game.
[2016.10.19-15.45.30:055][  0]LogNet: Browse: /Game/StarterContent/Maps/Minimal_Default?Name=Player
[2016.10.19-15.45.30:055][  0]LogLoad: LoadMap: /Game/StarterContent/Maps/Minimal_Default?Name=Player
[2016.10.19-15.45.30:064][  0]LogMemory: Platform Memory Stats for WindowsNoEditor
[2016.10.19-15.45.30:064][  0]LogMemory: Process Physical Memory: 199.85 MB used, 199.85 MB peak
[2016.10.19-15.45.30:064][  0]LogMemory: Process Virtual Memory: 300.80 MB used, 300.80 MB peak
[2016.10.19-15.45.30:064][  0]LogMemory: Physical Memory: 11504.71 MB used, 16333.17 MB total
[2016.10.19-15.45.30:064][  0]LogMemory: Virtual Memory: 630.61 MB used, 8388608.00 MB total
[2016.10.19-15.45.30:064][  0]LogMemory: 
[2016.10.19-15.45.30:065][  0]LogMemory: Allocator Stats for binned:
[2016.10.19-15.45.30:065][  0]LogMemory: Current Memory 93.99 MB used, plus 5.63 MB waste
[2016.10.19-15.45.30:065][  0]LogMemory: Peak Memory 97.23 MB used, plus 4.08 MB waste
[2016.10.19-15.45.30:065][  0]LogMemory: Current OS Memory 99.63 MB, peak 101.31 MB
[2016.10.19-15.45.30:065][  0]LogMemory: Current Waste 1.32 MB, peak 1.43 MB
[2016.10.19-15.45.30:065][  0]LogMemory: Current Used 93.99 MB, peak 97.23 MB
[2016.10.19-15.45.30:065][  0]LogMemory: Current Slack 4.31 MB
[2016.10.19-15.45.30:065][  0]LogMemory: Allocs       139612 Current /  581061 Total
[2016.10.19-15.45.30:065][  0]LogMemory: 
[2016.10.19-15.45.30:065][  0]LogMemory: Block Size Num Pools Max Pools Cur Allocs Total Allocs Min Req Max Req Mem Used Mem Slack Mem Waste Efficiency
[2016.10.19-15.45.30:065][  0]LogMemory: ---------- --------- --------- ---------- ------------ ------- ------- -------- --------- --------- ----------
[2016.10.19-15.45.30:065][  0]LogMemory:          8         0         0          0            0       8       0       0K        0K        0K    100.00%
[2016.10.19-15.45.30:065][  0]LogMemory:         16         6         6      21587        58961      16      16     337K       47K        0K    100.00%
[2016.10.19-15.45.30:065][  0]LogMemory:         32        11        11      20953        91566      17      32     654K       50K       62K     91.19%
[2016.10.19-15.45.30:065][  0]LogMemory:         48         8         8       9781        48515      33      48     458K       54K       63K     87.70%
[2016.10.19-15.45.30:065][  0]LogMemory:         64        20        20      20263        66172      49      64    1266K       14K      101K     92.11%
[2016.10.19-15.45.30:065][  0]LogMemory:         80        11        11       8139        80025      65      80     635K       69K       43K     93.89%
[2016.10.19-15.45.30:065][  0]LogMemory:         96         5         5       3203        33250      81      96     300K       20K       19K     94.06%
[2016.10.19-15.45.30:065][  0]LogMemory:        112         4         5       2045        23367      97     112     223K       33K       15K     94.14%
[2016.10.19-15.45.30:065][  0]LogMemory:        128        17        17       8318        21754     114     128    1039K       49K       33K     96.97%
[2016.10.19-15.45.30:065][  0]LogMemory:        160        43        43      17213        37500     129     160    2689K       59K      188K     93.17%
[2016.10.19-15.45.30:065][  0]LogMemory:        192        25        25       7966        22267     161     192    1493K      106K      110K     93.13%
[2016.10.19-15.45.30:065][  0]LogMemory:        224         5         5       1317         7554     193     224     288K       32K       20K     93.75%
[2016.10.19-15.45.30:065][  0]LogMemory:        256         4         4        899         4352     225     256     224K       32K       13K     94.92%
[2016.10.19-15.45.30:065][  0]LogMemory:        288        25        45       5450        32357     257     288    1532K       65K      144K     91.00%
[2016.10.19-15.45.30:065][  0]LogMemory:        320         3         3        522        23585     290     320     163K       29K        5K     97.40%
[2016.10.19-15.45.30:065][  0]LogMemory:        384        20        20       3287         6784     322     384    1232K       43K      111K     91.33%
[2016.10.19-15.45.30:065][  0]LogMemory:        448         5         5        570         1656     386     448     249K       71K       22K     93.13%
[2016.10.19-15.45.30:065][  0]LogMemory:        512         6         6        602         2386     450     512     301K       83K        4K     98.96%
[2016.10.19-15.45.30:065][  0]LogMemory:        576        28        28       3026         3650     514     576    1702K       78K       61K     96.60%
[2016.10.19-15.45.30:065][  0]LogMemory:        640         8         9        692         1102     580     640     432K       78K       24K     95.31%
[2016.10.19-15.45.30:065][  0]LogMemory:        704         7         7        452          857     642     704     310K      138K       13K     97.10%
[2016.10.19-15.45.30:065][  0]LogMemory:        768         3         4        243          462     706     768     182K       10K        4K     97.92%
[2016.10.19-15.45.30:065][  0]LogMemory:        896         9         9        472         1272     769     896     413K      162K       26K     95.49%
[2016.10.19-15.45.30:065][  0]LogMemory:       1024         4         5        216          594     899    1024     216K       40K        5K     98.05%
[2016.10.19-15.45.30:065][  0]LogMemory:       1168         6         6        286          689    1025    1168     326K       58K       24K     93.75%
[2016.10.19-15.45.30:065][  0]LogMemory:       1360         5         5        192         1112    1171    1360     255K       64K       25K     92.19%
[2016.10.19-15.45.30:065][  0]LogMemory:       1632        11        11        379          690    1363    1632     604K       98K       38K     94.60%
[2016.10.19-15.45.30:065][  0]LogMemory:       2048        12        12        267          753    1640    2048     534K      234K       48K     93.75%
[2016.10.19-15.45.30:065][  0]LogMemory:       2336         6         6        133         1865    2050    2336     303K       81K       33K     91.41%
[2016.10.19-15.45.30:065][  0]LogMemory:       2720         5         5         86          464    2352    2718     228K       91K       11K     96.56%
[2016.10.19-15.45.30:065][  0]LogMemory:       3264         9        11        153         1200    2722    3264     487K       87K       30K     94.79%
[2016.10.19-15.45.30:065][  0]LogMemory:       4096        19        23        194          654    3266    4096     776K      440K       70K     94.24%
[2016.10.19-15.45.30:065][  0]LogMemory:       4672        13        14        103          356    4100    4672     469K      362K       25K     97.00%
[2016.10.19-15.45.30:065][  0]LogMemory:       5456        15        19         94          327    4674    5453     500K      460K       42K     95.63%
[2016.10.19-15.45.30:065][  0]LogMemory:       6544        17        20        131          358    5461    6542     837K      250K       64K     94.12%
[2016.10.19-15.45.30:065][  0]LogMemory:       8192         9        10         54          903    6545    8192     432K      144K       32K     94.44%
[2016.10.19-15.45.30:065][  0]LogMemory:       9360         7         8         48          112    8224    9360     438K       10K       25K     94.42%
[2016.10.19-15.45.30:065][  0]LogMemory:      10912         5         5         28           56    9383   10592     298K       22K       30K     90.63%
[2016.10.19-15.45.30:065][  0]LogMemory:      13104         9         9         45           82   10955   13056     575K        1K       42K     92.71%
[2016.10.19-15.45.30:065][  0]LogMemory:      16384        11        13         39          156   13120   16384     624K       80K       45K     93.61%
[2016.10.19-15.45.30:065][  0]LogMemory:      21840        21        25         52          142   16396   21766    1109K      235K      170K     87.35%
[2016.10.19-15.45.30:065][  0]LogMemory:      32768        16        17         31           88   21904   32640     992K       32K      199K     80.57%
[2016.10.19-15.45.30:065][  0]LogMemory:      49152         4         5         15          230       0   49152     720K       48K      220K     71.35%
[2016.10.19-15.45.30:065][  0]LogMemory:      98304         3         3          9           21       0   97272     864K      288K      205K     82.20%
[2016.10.19-15.45.30:065][  0]LogMemory: 
[2016.10.19-15.45.30:065][  0]LogMemory: 32192K allocated in pools (with 4447K slack and 2464K waste). Efficiency 92.35%
[2016.10.19-15.45.30:065][  0]LogMemory: Allocations 139556 Current / 580247 Total (in 480 pools)
[2016.10.19-15.45.30:065][  0]LogMemory: 
[2016.10.19-15.45.30:114][  0]LogAIModule: Creating AISystem for world Minimal_Default
[2016.10.19-15.45.30:115][  0]LogWorld: Game class is 'MyGameMode_C'
[2016.10.19-15.45.30:117][  0]LogWorld: Bringing World /Game/StarterContent/Maps/Minimal_Default.Minimal_Default up for play (max tick rate 0) at 2016.10.19-18.45.30
[2016.10.19-15.45.30:118][  0]LogWorld: Bringing up level for play took: 0.002154
[2016.10.19-15.45.30:118][  0]LogGameMode:Display: Match State Changed from EnteringMap to WaitingToStart
[2016.10.19-15.45.30:118][  0]LogGameState: Match State Changed from EnteringMap to WaitingToStart
[2016.10.19-15.45.30:118][  0]LogGameMode:Display: Match State Changed from WaitingToStart to InProgress
[2016.10.19-15.45.30:119][  0]LogGameState: Match State Changed from WaitingToStart to InProgress
[2016.10.19-15.45.30:119][  0]LogLoad: Took 0.064763 seconds to LoadMap(/Game/StarterContent/Maps/Minimal_Default)
[2016.10.19-15.45.30:319][  0]LogLoad: (Engine Initialization) Total time: 1.53 seconds
[2016.10.19-15.45.30:319][  0]LogExternalProfiler: Found external profiler: VSPerf
[2016.10.19-15.45.30:319][  0]LogExternalProfiler: Using external profiler: VSPerf
[2016.10.19-15.45.30:337][  0]LogOcInput: OculusInput pre-init called
[2016.10.19-15.45.30:395][  0]LogRenderer: Reallocating scene render targets to support 128x128 (Frame:1).
[2016.10.19-15.45.30:466][  1]LogRenderer: Reallocating scene render targets to support 1600x900 (Frame:2).
[2016.10.19-15.45.42:849][766]LogSlate: Request Window 'FS (64-bit, PCD3D_SM5)' being destroyed
[2016.10.19-15.45.42:874][766]LogSlate: Window 'FS (64-bit, PCD3D_SM5)' being destroyed
[2016.10.19-15.45.42:876][766]LogSlate: HittestGrid destroyed
[2016.10.19-15.45.42:876][766]LogEngine: All Windows Closed
[2016.10.19-15.45.42:876][766]LogWindows: FPlatformMisc::RequestExit(0)
[2016.10.19-15.45.42:877][767]LogMoviePlayer: Shutting down movie player
[2016.10.19-15.45.43:032][767]LogExit: Preparing to exit.
[2016.10.19-15.45.43:081][767]LogExit: Game engine shut down
[2016.10.19-15.45.43:132][767]LogObj: Freed 32b from 1 cluster array pools.
[2016.10.19-15.45.43:132][767]LogExit: Object subsystem successfully closed.
[2016.10.19-15.45.43:135][767]LogD3D11RHI: Shutdown
[2016.10.19-15.45.43:135][767]LogD3D11RHI: CleanupD3DDevice
[2016.10.19-15.45.43:164][767]LogD3D11RHI: ~FD3D11DynamicRHI
[2016.10.19-15.45.43:164][767]LogModuleManager: Shutting down and abandoning module AutomationController (66)
[2016.10.19-15.45.43:164][767]LogModuleManager: Shutting down and abandoning module AutomationWorker (65)
[2016.10.19-15.45.43:164][767]LogModuleManager: Shutting down and abandoning module GameplayDebugger (64)
[2016.10.19-15.45.43:164][767]LogModuleManager: Shutting down and abandoning module AIModule (63)
[2016.10.19-15.45.43:164][767]LogModuleManager: Shutting down and abandoning module WmfMediaFactory (62)
[2016.10.19-15.45.43:164][767]LogModuleManager: Shutting down and abandoning module AvfMediaFactory (61)
[2016.10.19-15.45.43:164][767]LogModuleManager: Shutting down and abandoning module Media (60)
[2016.10.19-15.45.43:164][767]LogModuleManager: Shutting down and abandoning module AndroidMediaFactory (59)
[2016.10.19-15.45.43:164][767]LogModuleManager: Shutting down and abandoning module CharacterAI (58)
[2016.10.19-15.45.43:164][767]LogModuleManager: Shutting down and abandoning module SessionServices (57)
[2016.10.19-15.45.43:164][767]LogModuleManager: Shutting down and abandoning module Niagara (56)
[2016.10.19-15.45.43:164][767]LogModuleManager: Shutting down and abandoning module StreamingPauseRendering (55)
[2016.10.19-15.45.43:164][767]LogModuleManager: Shutting down and abandoning module AnalyticsET (54)
[2016.10.19-15.45.43:164][767]LogModuleManager: Shutting down and abandoning module ProfilerService (53)
[2016.10.19-15.45.43:253][767]LogModuleManager: Shutting down and abandoning module TaskGraph (52)
[2016.10.19-15.45.43:253][767]LogModuleManager: Shutting down and abandoning module SlateRemote (51)
[2016.10.19-15.45.43:253][767]LogModuleManager: Shutting down and abandoning module SteamVRController (50)
[2016.10.19-15.45.43:253][767]LogModuleManager: Shutting down and abandoning module SteamVR (49)
[2016.10.19-15.45.43:253][767]LogModuleManager: Shutting down and abandoning module ProceduralMeshComponent (48)
[2016.10.19-15.45.43:253][767]LogModuleManager: Shutting down and abandoning module OculusLibrary (47)
[2016.10.19-15.45.43:253][767]LogModuleManager: Shutting down and abandoning module OculusInput (46)
[2016.10.19-15.45.43:253][767]LogModuleManager: Shutting down and abandoning module CustomMeshComponent (45)
[2016.10.19-15.45.43:253][767]LogModuleManager: Shutting down and abandoning module CableComponent (44)
[2016.10.19-15.45.43:253][767]LogModuleManager: Shutting down and abandoning module ArchVisCharacter (43)
[2016.10.19-15.45.43:253][767]LogModuleManager: Shutting down and abandoning module HTML5Networking (41)
[2016.10.19-15.45.43:253][767]LogModuleManager: Shutting down and abandoning module UdpMessaging (40)
[2016.10.19-15.45.43:253][767]LogModuleManager: Shutting down and abandoning module TcpMessaging (39)
[2016.10.19-15.45.43:253][767]LogModuleManager: Shutting down and abandoning module LightPropagationVolumeRuntime (38)
[2016.10.19-15.45.43:253][767]LogModuleManager: Shutting down and abandoning module Paper2D (37)
[2016.10.19-15.45.43:253][767]LogModuleManager: Shutting down and abandoning module WindowsMoviePlayer (36)
[2016.10.19-15.45.43:253][767]LogModuleManager: Shutting down and abandoning module WmfMedia (35)
[2016.10.19-15.45.43:253][767]LogModuleManager: Shutting down and abandoning module ImageWrapper (34)
[2016.10.19-15.45.43:253][767]LogModuleManager: Shutting down and abandoning module MediaAssets (33)
[2016.10.19-15.45.43:253][767]LogModuleManager: Shutting down and abandoning module GameLiveStreaming (32)
[2016.10.19-15.45.43:253][767]LogModuleManager: Shutting down and abandoning module UMG (31)
[2016.10.19-15.45.43:253][767]LogModuleManager: Shutting down and abandoning module SlateReflector (30)
[2016.10.19-15.45.43:253][767]LogModuleManager: Shutting down and abandoning module Slate (29)
[2016.10.19-15.45.43:253][767]LogModuleManager: Shutting down and abandoning module Messaging (28)
[2016.10.19-15.45.43:253][767]LogModuleManager: Shutting down and abandoning module HeadMountedDisplay (27)
[2016.10.19-15.45.43:253][767]LogModuleManager: Shutting down and abandoning module XAudio2 (26)
[2016.10.19-15.45.43:253][767]LogModuleManager: Shutting down and abandoning module Networking (24)
[2016.10.19-15.45.43:253][767]LogModuleManager: Shutting down and abandoning module Core (23)
[2016.10.19-15.45.43:253][767]LogModuleManager: Shutting down and abandoning module AssetRegistry (22)
[2016.10.19-15.45.43:254][767]LogModuleManager: Shutting down and abandoning module InputCore (21)
[2016.10.19-15.45.43:254][767]LogModuleManager: Shutting down and abandoning module OculusRift (20)
[2016.10.19-15.45.43:254][767]LogModuleManager: Shutting down and abandoning module GearVR (19)
[2016.10.19-15.45.43:254][767]LogModuleManager: Shutting down and abandoning module ExampleDeviceProfileSelector (18)
[2016.10.19-15.45.43:254][767]LogModuleManager: Shutting down and abandoning module OnlineSubsystem (16)
[2016.10.19-15.45.43:254][767]LogOnline:Display: Unloading online subsystem: NULL
[2016.10.19-15.45.43:254][767]LogModuleManager: Shutting down and abandoning module HTTP (15)
[2016.10.19-15.45.43:254][767]LogHttp:Display: Http module shutting down, but needs to wait on 1 outstanding Http requests:
[2016.10.19-15.45.43:254][767]LogHttp:Display: 	verb=[POST] url=[https://datarouter.ol.epicgames.com/datarouter/api/v1/public/data?SessionID=%7BEDD13CAF-4CD4-7CF0-DC84-74A95893E4F8%7D&AppID=UEGame.Rocket.Release%7CE2DBA2DC482E08A9002A8AA4CB4F9A4D%7CUE4Game&AppVersion=%2B%2BUE4%2BRelease-4.13-CL-3106830&UserID=ANON-%7B104982A3-4145-4D96-EC2B-4982B6D79D12%7D&AppEnvironment=datacollector-binary&UploadType=eteventstream] status=Processing
[2016.10.19-15.45.43:254][767]LogHttp:Display: Sleeping 0.5s to wait for 1 outstanding Http requests.
[2016.10.19-15.45.43:763][767]LogModuleManager: Shutting down and abandoning module ShaderCore (13)
[2016.10.19-15.45.43:763][767]LogModuleManager: Shutting down and abandoning module Landscape (12)
[2016.10.19-15.45.43:763][767]LogModuleManager: Shutting down and abandoning module SlateRHIRenderer (11)
[2016.10.19-15.45.43:763][767]LogModuleManager: Shutting down and abandoning module OpenGLDrv (10)
[2016.10.19-15.45.43:763][767]LogModuleManager: Shutting down and abandoning module D3D11RHI (9)
[2016.10.19-15.45.43:763][767]LogModuleManager: Shutting down and abandoning module AnimGraphRuntime (8)
[2016.10.19-15.45.43:763][767]LogModuleManager: Shutting down and abandoning module Renderer (7)
[2016.10.19-15.45.43:763][767]LogModuleManager: Shutting down and abandoning module Engine (6)
[2016.10.19-15.45.43:763][767]LogModuleManager: Shutting down and abandoning module CoreUObject (5)
[2016.10.19-15.45.43:763][767]LogModuleManager: Shutting down and abandoning module NetworkFile (4)
[2016.10.19-15.45.43:763][767]LogModuleManager: Shutting down and abandoning module StreamingFile (3)
[2016.10.19-15.45.43:763][767]LogModuleManager: Shutting down and abandoning module SandboxFile (2)
[2016.10.19-15.45.43:763][767]LogModuleManager: Shutting down and abandoning module PakFile (1)
[2016.10.19-15.45.43:764][767]LogExit: Exiting.
[2016.10.19-15.45.43:765][767]Log file closed, 10/19/16 18:45:43
